{"C:\\Users\\harish\\Desktop\\IC\\dhandapani_kumari\\project\\taskMS\\db.js":{"path":"C:\\Users\\harish\\Desktop\\IC\\dhandapani_kumari\\project\\taskMS\\db.js","s":{"1":1,"2":1,"3":48,"4":4,"5":3,"6":4,"7":4,"8":3,"9":3,"10":4,"11":4,"12":1},"b":{"1":[3,1]},"f":{"1":48,"2":4,"3":4,"4":3},"fnMap":{"1":{"name":"(anonymous_1)","line":6,"loc":{"start":{"line":6,"column":8},"end":{"line":6,"column":18}}},"2":{"name":"(anonymous_2)","line":10,"loc":{"start":{"line":10,"column":11},"end":{"line":10,"column":21}}},"3":{"name":"(anonymous_3)","line":15,"loc":{"start":{"line":15,"column":13},"end":{"line":15,"column":39}}},"4":{"name":"(anonymous_4)","line":17,"loc":{"start":{"line":17,"column":30},"end":{"line":17,"column":49}}}},"statementMap":{"1":{"start":{"line":1,"column":0},"end":{"line":1,"column":49}},"2":{"start":{"line":3,"column":0},"end":{"line":28,"column":1}},"3":{"start":{"line":7,"column":8},"end":{"line":7,"column":31}},"4":{"start":{"line":11,"column":8},"end":{"line":12,"column":36}},"5":{"start":{"line":12,"column":12},"end":{"line":12,"column":36}},"6":{"start":{"line":16,"column":8},"end":{"line":16,"column":24}},"7":{"start":{"line":17,"column":8},"end":{"line":20,"column":9}},"8":{"start":{"line":18,"column":12},"end":{"line":18,"column":33}},"9":{"start":{"line":19,"column":12},"end":{"line":19,"column":26}},"10":{"start":{"line":22,"column":8},"end":{"line":26,"column":9}},"11":{"start":{"line":23,"column":12},"end":{"line":23,"column":57}},"12":{"start":{"line":25,"column":12},"end":{"line":25,"column":25}}},"branchMap":{"1":{"line":11,"type":"if","locations":[{"start":{"line":11,"column":8},"end":{"line":11,"column":8}},{"start":{"line":11,"column":8},"end":{"line":11,"column":8}}]}}},"C:\\Users\\harish\\Desktop\\IC\\dhandapani_kumari\\project\\taskMS\\models\\tasks.js":{"path":"C:\\Users\\harish\\Desktop\\IC\\dhandapani_kumari\\project\\taskMS\\models\\tasks.js","s":{"1":1,"2":1,"3":1,"4":1,"5":3,"6":5,"7":1,"8":1,"9":5,"10":4,"11":1,"12":1,"13":1,"14":1,"15":1},"b":{"1":[1,0],"2":[4,1],"3":[5,5,3,2],"4":[1,0]},"f":{"1":3,"2":5,"3":1,"4":1,"5":1},"fnMap":{"1":{"name":"(anonymous_1)","line":7,"loc":{"start":{"line":7,"column":14},"end":{"line":7,"column":34}}},"2":{"name":"(anonymous_2)","line":11,"loc":{"start":{"line":11,"column":13},"end":{"line":11,"column":42}}},"3":{"name":"(anonymous_3)","line":12,"loc":{"start":{"line":12,"column":23},"end":{"line":12,"column":38}}},"4":{"name":"(anonymous_4)","line":23,"loc":{"start":{"line":23,"column":12},"end":{"line":23,"column":47}}},"5":{"name":"(anonymous_5)","line":24,"loc":{"start":{"line":24,"column":22},"end":{"line":24,"column":45}}}},"statementMap":{"1":{"start":{"line":1,"column":0},"end":{"line":1,"column":26}},"2":{"start":{"line":2,"column":0},"end":{"line":2,"column":43}},"3":{"start":{"line":4,"column":0},"end":{"line":4,"column":29}},"4":{"start":{"line":6,"column":0},"end":{"line":30,"column":2}},"5":{"start":{"line":8,"column":8},"end":{"line":8,"column":91}},"6":{"start":{"line":12,"column":8},"end":{"line":15,"column":11}},"7":{"start":{"line":13,"column":10},"end":{"line":14,"column":25}},"8":{"start":{"line":14,"column":14},"end":{"line":14,"column":25}},"9":{"start":{"line":17,"column":8},"end":{"line":20,"column":77}},"10":{"start":{"line":18,"column":12},"end":{"line":18,"column":50}},"11":{"start":{"line":20,"column":12},"end":{"line":20,"column":77}},"12":{"start":{"line":24,"column":8},"end":{"line":27,"column":11}},"13":{"start":{"line":25,"column":12},"end":{"line":26,"column":25}},"14":{"start":{"line":26,"column":14},"end":{"line":26,"column":25}},"15":{"start":{"line":28,"column":9},"end":{"line":28,"column":150}}},"branchMap":{"1":{"line":13,"type":"if","locations":[{"start":{"line":13,"column":10},"end":{"line":13,"column":10}},{"start":{"line":13,"column":10},"end":{"line":13,"column":10}}]},"2":{"line":17,"type":"if","locations":[{"start":{"line":17,"column":8},"end":{"line":17,"column":8}},{"start":{"line":17,"column":8},"end":{"line":17,"column":8}}]},"3":{"line":17,"type":"binary-expr","locations":[{"start":{"line":17,"column":11},"end":{"line":17,"column":19}},{"start":{"line":17,"column":23},"end":{"line":17,"column":49}},{"start":{"line":17,"column":53},"end":{"line":17,"column":84}},{"start":{"line":17,"column":88},"end":{"line":17,"column":119}}]},"4":{"line":25,"type":"if","locations":[{"start":{"line":25,"column":12},"end":{"line":25,"column":12}},{"start":{"line":25,"column":12},"end":{"line":25,"column":12}}]}}},"C:\\Users\\harish\\Desktop\\IC\\dhandapani_kumari\\project\\taskMS\\models\\users.js":{"path":"C:\\Users\\harish\\Desktop\\IC\\dhandapani_kumari\\project\\taskMS\\models\\users.js","s":{"1":1,"2":1,"3":1,"4":1,"5":3,"6":6,"7":2,"8":2,"9":1,"10":1,"11":2,"12":4,"13":1,"14":1},"b":{"1":[2,4],"2":[6,5,4,3],"3":[1,1],"4":[2,2]},"f":{"1":3,"2":6,"3":2,"4":1,"5":1},"fnMap":{"1":{"name":"(anonymous_1)","line":8,"loc":{"start":{"line":8,"column":14},"end":{"line":8,"column":34}}},"2":{"name":"(anonymous_2)","line":12,"loc":{"start":{"line":12,"column":13},"end":{"line":12,"column":42}}},"3":{"name":"(anonymous_3)","line":14,"loc":{"start":{"line":14,"column":32},"end":{"line":14,"column":54}}},"4":{"name":"(anonymous_4)","line":33,"loc":{"start":{"line":33,"column":12},"end":{"line":33,"column":48}}},"5":{"name":"(anonymous_5)","line":37,"loc":{"start":{"line":37,"column":20},"end":{"line":37,"column":40}}}},"statementMap":{"1":{"start":{"line":1,"column":0},"end":{"line":1,"column":26}},"2":{"start":{"line":2,"column":0},"end":{"line":2,"column":43}},"3":{"start":{"line":4,"column":0},"end":{"line":4,"column":29}},"4":{"start":{"line":7,"column":0},"end":{"line":41,"column":2}},"5":{"start":{"line":9,"column":8},"end":{"line":9,"column":69}},"6":{"start":{"line":13,"column":8},"end":{"line":29,"column":76}},"7":{"start":{"line":14,"column":12},"end":{"line":21,"column":13}},"8":{"start":{"line":16,"column":16},"end":{"line":20,"column":69}},"9":{"start":{"line":17,"column":20},"end":{"line":17,"column":85}},"10":{"start":{"line":20,"column":20},"end":{"line":20,"column":69}},"11":{"start":{"line":23,"column":12},"end":{"line":26,"column":36}},"12":{"start":{"line":29,"column":12},"end":{"line":29,"column":76}},"13":{"start":{"line":34,"column":8},"end":{"line":34,"column":143}},"14":{"start":{"line":38,"column":8},"end":{"line":38,"column":85}}},"branchMap":{"1":{"line":13,"type":"if","locations":[{"start":{"line":13,"column":8},"end":{"line":13,"column":8}},{"start":{"line":13,"column":8},"end":{"line":13,"column":8}}]},"2":{"line":13,"type":"binary-expr","locations":[{"start":{"line":13,"column":12},"end":{"line":13,"column":33}},{"start":{"line":13,"column":37},"end":{"line":13,"column":57}},{"start":{"line":13,"column":61},"end":{"line":13,"column":86}},{"start":{"line":13,"column":90},"end":{"line":13,"column":116}}]},"3":{"line":16,"type":"if","locations":[{"start":{"line":16,"column":16},"end":{"line":16,"column":16}},{"start":{"line":16,"column":16},"end":{"line":16,"column":16}}]},"4":{"line":16,"type":"binary-expr","locations":[{"start":{"line":16,"column":20},"end":{"line":16,"column":24}},{"start":{"line":16,"column":28},"end":{"line":16,"column":38}}]}}},"C:\\Users\\harish\\Desktop\\IC\\dhandapani_kumari\\project\\taskMS\\routes\\tasks.js":{"path":"C:\\Users\\harish\\Desktop\\IC\\dhandapani_kumari\\project\\taskMS\\routes\\tasks.js","s":{"1":1,"2":1,"3":1,"4":1,"5":2,"6":2,"7":1,"8":1,"9":2,"10":1,"11":2,"12":2,"13":2,"14":1,"15":1,"16":2,"17":1,"18":2,"19":2,"20":2,"21":1,"22":1,"23":2,"24":1},"b":{"1":[1,1],"2":[1,1],"3":[1,1]},"f":{"1":2,"2":2,"3":2,"4":2,"5":2,"6":2},"fnMap":{"1":{"name":"(anonymous_1)","line":5,"loc":{"start":{"line":5,"column":16},"end":{"line":5,"column":42}}},"2":{"name":"(anonymous_2)","line":6,"loc":{"start":{"line":6,"column":19},"end":{"line":6,"column":44}}},"3":{"name":"(anonymous_3)","line":15,"loc":{"start":{"line":15,"column":17},"end":{"line":15,"column":41}}},"4":{"name":"(anonymous_4)","line":17,"loc":{"start":{"line":17,"column":19},"end":{"line":17,"column":34}}},"5":{"name":"(anonymous_5)","line":27,"loc":{"start":{"line":27,"column":23},"end":{"line":27,"column":48}}},"6":{"name":"(anonymous_6)","line":30,"loc":{"start":{"line":30,"column":17},"end":{"line":30,"column":31}}}},"statementMap":{"1":{"start":{"line":1,"column":0},"end":{"line":1,"column":33}},"2":{"start":{"line":2,"column":0},"end":{"line":2,"column":30}},"3":{"start":{"line":3,"column":0},"end":{"line":3,"column":39}},"4":{"start":{"line":5,"column":0},"end":{"line":13,"column":3}},"5":{"start":{"line":6,"column":4},"end":{"line":11,"column":5}},"6":{"start":{"line":7,"column":8},"end":{"line":10,"column":31}},"7":{"start":{"line":8,"column":12},"end":{"line":8,"column":61}},"8":{"start":{"line":10,"column":12},"end":{"line":10,"column":31}},"9":{"start":{"line":12,"column":4},"end":{"line":12,"column":29}},"10":{"start":{"line":15,"column":0},"end":{"line":24,"column":3}},"11":{"start":{"line":16,"column":4},"end":{"line":16,"column":27}},"12":{"start":{"line":17,"column":4},"end":{"line":22,"column":5}},"13":{"start":{"line":18,"column":8},"end":{"line":21,"column":51}},"14":{"start":{"line":19,"column":12},"end":{"line":19,"column":57}},"15":{"start":{"line":21,"column":12},"end":{"line":21,"column":51}},"16":{"start":{"line":23,"column":4},"end":{"line":23,"column":37}},"17":{"start":{"line":27,"column":0},"end":{"line":38,"column":3}},"18":{"start":{"line":28,"column":2},"end":{"line":28,"column":22}},"19":{"start":{"line":30,"column":2},"end":{"line":35,"column":3}},"20":{"start":{"line":31,"column":4},"end":{"line":34,"column":43}},"21":{"start":{"line":32,"column":6},"end":{"line":32,"column":55}},"22":{"start":{"line":34,"column":6},"end":{"line":34,"column":43}},"23":{"start":{"line":37,"column":3},"end":{"line":37,"column":52}},"24":{"start":{"line":40,"column":0},"end":{"line":40,"column":24}}},"branchMap":{"1":{"line":7,"type":"if","locations":[{"start":{"line":7,"column":8},"end":{"line":7,"column":8}},{"start":{"line":7,"column":8},"end":{"line":7,"column":8}}]},"2":{"line":18,"type":"if","locations":[{"start":{"line":18,"column":8},"end":{"line":18,"column":8}},{"start":{"line":18,"column":8},"end":{"line":18,"column":8}}]},"3":{"line":31,"type":"if","locations":[{"start":{"line":31,"column":4},"end":{"line":31,"column":4}},{"start":{"line":31,"column":4},"end":{"line":31,"column":4}}]}}},"C:\\Users\\harish\\Desktop\\IC\\dhandapani_kumari\\project\\taskMS\\routes\\users.js":{"path":"C:\\Users\\harish\\Desktop\\IC\\dhandapani_kumari\\project\\taskMS\\routes\\users.js","s":{"1":1,"2":1,"3":1,"4":1,"5":2,"6":2,"7":1,"8":1,"9":2,"10":1,"11":2,"12":2,"13":1,"14":1,"15":2,"16":1,"17":2,"18":2,"19":2,"20":1,"21":1,"22":2,"23":1,"24":3,"25":3,"26":3,"27":1,"28":2,"29":1,"30":1,"31":3,"32":1},"b":{"1":[1,1],"2":[1,1],"3":[1,1],"4":[1,2],"5":[1,1]},"f":{"1":2,"2":2,"3":2,"4":2,"5":2,"6":2,"7":3,"8":3},"fnMap":{"1":{"name":"(anonymous_1)","line":5,"loc":{"start":{"line":5,"column":16},"end":{"line":5,"column":42}}},"2":{"name":"(anonymous_2)","line":6,"loc":{"start":{"line":6,"column":19},"end":{"line":6,"column":41}}},"3":{"name":"(anonymous_3)","line":15,"loc":{"start":{"line":15,"column":30},"end":{"line":15,"column":56}}},"4":{"name":"(anonymous_4)","line":16,"loc":{"start":{"line":16,"column":19},"end":{"line":16,"column":41}}},"5":{"name":"(anonymous_5)","line":25,"loc":{"start":{"line":25,"column":17},"end":{"line":25,"column":41}}},"6":{"name":"(anonymous_6)","line":28,"loc":{"start":{"line":28,"column":19},"end":{"line":28,"column":34}}},"7":{"name":"(anonymous_7)","line":37,"loc":{"start":{"line":37,"column":34},"end":{"line":37,"column":59}}},"8":{"name":"(anonymous_8)","line":40,"loc":{"start":{"line":40,"column":17},"end":{"line":40,"column":31}}}},"statementMap":{"1":{"start":{"line":1,"column":0},"end":{"line":1,"column":33}},"2":{"start":{"line":2,"column":0},"end":{"line":2,"column":30}},"3":{"start":{"line":3,"column":0},"end":{"line":3,"column":39}},"4":{"start":{"line":5,"column":0},"end":{"line":13,"column":3}},"5":{"start":{"line":6,"column":4},"end":{"line":11,"column":5}},"6":{"start":{"line":7,"column":8},"end":{"line":10,"column":28}},"7":{"start":{"line":8,"column":12},"end":{"line":8,"column":36}},"8":{"start":{"line":10,"column":12},"end":{"line":10,"column":28}},"9":{"start":{"line":12,"column":4},"end":{"line":12,"column":29}},"10":{"start":{"line":15,"column":0},"end":{"line":23,"column":3}},"11":{"start":{"line":16,"column":4},"end":{"line":21,"column":5}},"12":{"start":{"line":17,"column":8},"end":{"line":20,"column":28}},"13":{"start":{"line":18,"column":12},"end":{"line":18,"column":36}},"14":{"start":{"line":20,"column":12},"end":{"line":20,"column":28}},"15":{"start":{"line":22,"column":4},"end":{"line":22,"column":35}},"16":{"start":{"line":25,"column":0},"end":{"line":35,"column":3}},"17":{"start":{"line":26,"column":4},"end":{"line":26,"column":27}},"18":{"start":{"line":28,"column":4},"end":{"line":33,"column":5}},"19":{"start":{"line":29,"column":8},"end":{"line":32,"column":57}},"20":{"start":{"line":30,"column":12},"end":{"line":30,"column":36}},"21":{"start":{"line":32,"column":12},"end":{"line":32,"column":57}},"22":{"start":{"line":34,"column":4},"end":{"line":34,"column":37}},"23":{"start":{"line":37,"column":0},"end":{"line":52,"column":3}},"24":{"start":{"line":38,"column":2},"end":{"line":38,"column":22}},"25":{"start":{"line":40,"column":2},"end":{"line":49,"column":3}},"26":{"start":{"line":41,"column":4},"end":{"line":48,"column":5}},"27":{"start":{"line":42,"column":6},"end":{"line":42,"column":30}},"28":{"start":{"line":44,"column":7},"end":{"line":47,"column":65}},"29":{"start":{"line":45,"column":12},"end":{"line":45,"column":62}},"30":{"start":{"line":47,"column":12},"end":{"line":47,"column":65}},"31":{"start":{"line":51,"column":3},"end":{"line":51,"column":49}},"32":{"start":{"line":54,"column":0},"end":{"line":54,"column":24}}},"branchMap":{"1":{"line":7,"type":"if","locations":[{"start":{"line":7,"column":8},"end":{"line":7,"column":8}},{"start":{"line":7,"column":8},"end":{"line":7,"column":8}}]},"2":{"line":17,"type":"if","locations":[{"start":{"line":17,"column":8},"end":{"line":17,"column":8}},{"start":{"line":17,"column":8},"end":{"line":17,"column":8}}]},"3":{"line":29,"type":"if","locations":[{"start":{"line":29,"column":8},"end":{"line":29,"column":8}},{"start":{"line":29,"column":8},"end":{"line":29,"column":8}}]},"4":{"line":41,"type":"if","locations":[{"start":{"line":41,"column":4},"end":{"line":41,"column":4}},{"start":{"line":41,"column":4},"end":{"line":41,"column":4}}]},"5":{"line":44,"type":"if","locations":[{"start":{"line":44,"column":7},"end":{"line":44,"column":7}},{"start":{"line":44,"column":7},"end":{"line":44,"column":7}}]}}}}