TN:
SF:C:\Users\harish\Desktop\IC\dhandapani_kumari\project\taskMS\db.js
FN:6,(anonymous_1)
FN:10,(anonymous_2)
FN:15,(anonymous_3)
FN:17,(anonymous_4)
FNF:4
FNH:4
FNDA:48,(anonymous_1)
FNDA:4,(anonymous_2)
FNDA:4,(anonymous_3)
FNDA:3,(anonymous_4)
DA:1,1
DA:3,1
DA:7,48
DA:11,4
DA:12,3
DA:16,4
DA:17,4
DA:18,3
DA:19,3
DA:22,4
DA:23,4
DA:25,1
LF:12
LH:12
BRDA:11,1,0,3
BRDA:11,1,1,1
BRF:2
BRH:2
end_of_record
TN:
SF:C:\Users\harish\Desktop\IC\dhandapani_kumari\project\taskMS\models\tasks.js
FN:7,(anonymous_1)
FN:11,(anonymous_2)
FN:12,(anonymous_3)
FN:23,(anonymous_4)
FN:24,(anonymous_5)
FNF:5
FNH:5
FNDA:3,(anonymous_1)
FNDA:5,(anonymous_2)
FNDA:1,(anonymous_3)
FNDA:1,(anonymous_4)
FNDA:1,(anonymous_5)
DA:1,1
DA:2,1
DA:4,1
DA:6,1
DA:8,3
DA:12,5
DA:13,1
DA:14,1
DA:17,5
DA:18,4
DA:20,1
DA:24,1
DA:25,1
DA:26,1
DA:28,1
LF:15
LH:15
BRDA:13,1,0,1
BRDA:13,1,1,0
BRDA:17,2,0,4
BRDA:17,2,1,1
BRDA:17,3,0,5
BRDA:17,3,1,5
BRDA:17,3,2,3
BRDA:17,3,3,2
BRDA:25,4,0,1
BRDA:25,4,1,0
BRF:10
BRH:8
end_of_record
TN:
SF:C:\Users\harish\Desktop\IC\dhandapani_kumari\project\taskMS\models\users.js
FN:8,(anonymous_1)
FN:12,(anonymous_2)
FN:14,(anonymous_3)
FN:33,(anonymous_4)
FN:37,(anonymous_5)
FNF:5
FNH:5
FNDA:3,(anonymous_1)
FNDA:6,(anonymous_2)
FNDA:2,(anonymous_3)
FNDA:1,(anonymous_4)
FNDA:1,(anonymous_5)
DA:1,1
DA:2,1
DA:4,1
DA:7,1
DA:9,3
DA:13,6
DA:14,2
DA:16,2
DA:17,1
DA:20,1
DA:23,2
DA:29,4
DA:34,1
DA:38,1
LF:14
LH:14
BRDA:13,1,0,2
BRDA:13,1,1,4
BRDA:13,2,0,6
BRDA:13,2,1,5
BRDA:13,2,2,4
BRDA:13,2,3,3
BRDA:16,3,0,1
BRDA:16,3,1,1
BRDA:16,4,0,2
BRDA:16,4,1,2
BRF:10
BRH:10
end_of_record
TN:
SF:C:\Users\harish\Desktop\IC\dhandapani_kumari\project\taskMS\routes\tasks.js
FN:5,(anonymous_1)
FN:6,(anonymous_2)
FN:15,(anonymous_3)
FN:17,(anonymous_4)
FN:27,(anonymous_5)
FN:30,(anonymous_6)
FNF:6
FNH:6
FNDA:2,(anonymous_1)
FNDA:2,(anonymous_2)
FNDA:2,(anonymous_3)
FNDA:2,(anonymous_4)
FNDA:2,(anonymous_5)
FNDA:2,(anonymous_6)
DA:1,1
DA:2,1
DA:3,1
DA:5,1
DA:6,2
DA:7,2
DA:8,1
DA:10,1
DA:12,2
DA:15,1
DA:16,2
DA:17,2
DA:18,2
DA:19,1
DA:21,1
DA:23,2
DA:27,1
DA:28,2
DA:30,2
DA:31,2
DA:32,1
DA:34,1
DA:37,2
DA:40,1
LF:24
LH:24
BRDA:7,1,0,1
BRDA:7,1,1,1
BRDA:18,2,0,1
BRDA:18,2,1,1
BRDA:31,3,0,1
BRDA:31,3,1,1
BRF:6
BRH:6
end_of_record
TN:
SF:C:\Users\harish\Desktop\IC\dhandapani_kumari\project\taskMS\routes\users.js
FN:5,(anonymous_1)
FN:6,(anonymous_2)
FN:15,(anonymous_3)
FN:16,(anonymous_4)
FN:25,(anonymous_5)
FN:28,(anonymous_6)
FN:37,(anonymous_7)
FN:40,(anonymous_8)
FNF:8
FNH:8
FNDA:2,(anonymous_1)
FNDA:2,(anonymous_2)
FNDA:2,(anonymous_3)
FNDA:2,(anonymous_4)
FNDA:2,(anonymous_5)
FNDA:2,(anonymous_6)
FNDA:3,(anonymous_7)
FNDA:3,(anonymous_8)
DA:1,1
DA:2,1
DA:3,1
DA:5,1
DA:6,2
DA:7,2
DA:8,1
DA:10,1
DA:12,2
DA:15,1
DA:16,2
DA:17,2
DA:18,1
DA:20,1
DA:22,2
DA:25,1
DA:26,2
DA:28,2
DA:29,2
DA:30,1
DA:32,1
DA:34,2
DA:37,1
DA:38,3
DA:40,3
DA:41,3
DA:42,1
DA:44,2
DA:45,1
DA:47,1
DA:51,3
DA:54,1
LF:32
LH:32
BRDA:7,1,0,1
BRDA:7,1,1,1
BRDA:17,2,0,1
BRDA:17,2,1,1
BRDA:29,3,0,1
BRDA:29,3,1,1
BRDA:41,4,0,1
BRDA:41,4,1,2
BRDA:44,5,0,1
BRDA:44,5,1,1
BRF:10
BRH:10
end_of_record
